** Drc report for cn-910-simple-breakout.kicad_pcb **
** Created on 2026-06-08T18:51:06 **
** Report includes: Errors, Warnings **

** Found 19 DRC violations **
[solder_mask_bridge]: Rear solder mask aperture bridges items with different nets
    Rule: board setup solder mask min width; error
    @(145.0071 mm, 87.2753 mm): Pad 1 [Net-(J1-AFC_F0)] of TP4 on B.Cu
    @(165.0093 mm, 83.9812 mm): Zone 'GND_Plane' [GND] on F.Cu and B.Cu, priority 0
[solder_mask_bridge]: Rear solder mask aperture bridges items with different nets
    Rule: board setup solder mask min width; error
    @(147.7748 mm, 86.6949 mm): Pad 1 [Net-(J1-IR_VIDEO)] of TP3 on B.Cu
    @(165.0093 mm, 83.9812 mm): Zone 'GND_Plane' [GND] on F.Cu and B.Cu, priority 0
[copper_edge_clearance]: Board edge clearance violation (board setup constraints edge clearance 0.3000 mm; actual 0.0000 mm)
    Rule: board setup constraints edge; error
    @(164.1036 mm, 84.9275 mm): Polygon on Edge.Cuts
    @(142.3338 mm, 104.5772 mm): Pad 1 [Net-(J1-CAP_FG)] of TP12 on B.Cu
[clearance]: Clearance violation (netclass 'FM_RF' clearance 0.2500 mm; actual 0.2469 mm)
    Rule: netclass 'FM_RF'; error
    @(147.4500 mm, 93.4031 mm): Pad 5 [Net-(J1-BPF_MONI)] of J1 on F.Cu
    @(147.4500 mm, 93.9000 mm): Track [/PB_RF] on F.Cu, length 1.131e-05 mm
[clearance]: Clearance violation (netclass 'FM_RF' clearance 0.2500 mm; actual 0.1969 mm)
    Rule: netclass 'FM_RF'; error
    @(147.4500 mm, 93.4031 mm): Pad 5 [Net-(J1-BPF_MONI)] of J1 on F.Cu
    @(162.0000 mm, 93.9000 mm): Track [/PB_RF] on F.Cu, length 14.5500 mm
[clearance]: Clearance violation (zone clearance 0.5000 mm; actual 0.0000 mm)
    Local override; error
    @(147.7748 mm, 86.6949 mm): Pad 1 [Net-(J1-IR_VIDEO)] of TP3 on B.Cu
    @(165.0093 mm, 83.9812 mm): Zone 'GND_Plane' [GND] on F.Cu and B.Cu, priority 0
[clearance]: Clearance violation (zone clearance 0.5000 mm; actual 0.0000 mm)
    Local override; error
    @(145.0071 mm, 87.2753 mm): Pad 1 [Net-(J1-AFC_F0)] of TP4 on B.Cu
    @(165.0093 mm, 83.9812 mm): Zone 'GND_Plane' [GND] on F.Cu and B.Cu, priority 0
[clearance]: Clearance violation (netclass 'FM_RF' clearance 0.2500 mm; actual 0.2000 mm)
    Rule: netclass 'FM_RF'; error
    @(147.4500 mm, 93.4031 mm): Pad 5 [Net-(J1-BPF_MONI)] of J1 on F.Cu
    @(147.4500 mm, 93.9031 mm): Pad 6 [/PB_RF] of J1 on F.Cu
[clearance]: Clearance violation (netclass 'FM_RF' clearance 0.2500 mm; actual 0.2000 mm)
    Rule: netclass 'FM_RF'; error
    @(147.4500 mm, 93.9031 mm): Pad 6 [/PB_RF] of J1 on F.Cu
    @(147.4500 mm, 94.4031 mm): Pad 7 [Net-(J1-RF_AGC_IN)] of J1 on F.Cu
[clearance]: Clearance violation (netclass 'FM_RF' clearance 0.2500 mm; actual 0.2000 mm)
    Rule: netclass 'FM_RF'; error
    @(147.4500 mm, 95.4031 mm): Pad 9 [Net-(J1-RF_AGC_OUT)] of J1 on F.Cu
    @(147.4500 mm, 95.9031 mm): Pad 10 [/REC_RF] of J1 on F.Cu
[clearance]: Clearance violation (netclass 'FM_RF' clearance 0.2500 mm; actual 0.2000 mm)
    Rule: netclass 'FM_RF'; error
    @(147.4500 mm, 95.9031 mm): Pad 10 [/REC_RF] of J1 on F.Cu
    @(147.4500 mm, 96.4031 mm): Pad 11 [/RF_SWP] of J1 on F.Cu
[silk_overlap]: Silkscreen clearance
    Rule: board setup constraints silk; warning
    @(156.4019 mm, 101.2258 mm): PCB text '⏚' on F.Silkscreen
    @(154.9279 mm, 101.2400 mm): Segment of TP8 on F.Silkscreen
[silk_overlap]: Silkscreen clearance
    Rule: board setup constraints silk; warning
    @(142.3948 mm, 101.9951 mm): Circle of TP11 on B.Silkscreen
    @(144.4487 mm, 102.8267 mm): Reference field of TP11
[silk_overlap]: Silkscreen clearance
    Rule: board setup constraints silk; warning
    @(144.4036 mm, 99.4955 mm): Reference field of TP10
    @(142.2989 mm, 99.4143 mm): Circle of TP10 on B.Silkscreen
[silk_over_copper]: Silkscreen clipped by solder mask
    Local override; warning
[silk_over_copper]: Silkscreen clipped by solder mask
    Local override; warning
    @(144.4487 mm, 102.8267 mm): Reference field of TP11
    @(142.3948 mm, 101.9951 mm): Pad 1 [/RF_SWP] of TP11 on B.Cu
[silk_edge_clearance]: Silkscreen clipped by board edge
    Rule: board setup constraints silk; warning
    @(164.1036 mm, 84.9275 mm): Polygon on Edge.Cuts
    @(142.3338 mm, 104.5772 mm): Circle of TP12 on B.Silkscreen
[silk_edge_clearance]: Silkscreen clipped by board edge
    Rule: board setup constraints silk; warning
    @(164.1036 mm, 84.9275 mm): Polygon on Edge.Cuts
    @(150.5251 mm, 104.1676 mm): Reference field of TP13
[silk_edge_clearance]: Silkscreen clipped by board edge
    Rule: board setup constraints silk; warning
    @(164.1036 mm, 84.9275 mm): Polygon on Edge.Cuts
    @(144.4487 mm, 102.8267 mm): Reference field of TP11

** Found 12 unconnected pads **
[unconnected_items]: Missing connection between items
    Local override; error
    @(147.4500 mm, 92.4031 mm): Pad 3 [Net-(J1-IR_VIDEO)] of J1 on F.Cu
    @(147.7748 mm, 86.6949 mm): Pad 1 [Net-(J1-IR_VIDEO)] of TP3 on B.Cu
[unconnected_items]: Missing connection between items
    Local override; error
    @(145.0071 mm, 87.2753 mm): Pad 1 [Net-(J1-AFC_F0)] of TP4 on B.Cu
    @(147.4500 mm, 92.9031 mm): Pad 4 [Net-(J1-AFC_F0)] of J1 on F.Cu
[unconnected_items]: Missing connection between items
    Local override; error
    @(142.1267 mm, 91.5575 mm): Pad 1 [Net-(J1-BPF_MONI)] of TP5 on B.Cu
    @(147.4500 mm, 93.4031 mm): Pad 5 [Net-(J1-BPF_MONI)] of J1 on F.Cu
[unconnected_items]: Missing connection between items
    Local override; error
    @(142.0169 mm, 94.2840 mm): Pad 1 [Net-(J1-RF_AGC_IN)] of TP7 on B.Cu
    @(147.4500 mm, 94.4031 mm): Pad 7 [Net-(J1-RF_AGC_IN)] of J1 on F.Cu
[unconnected_items]: Missing connection between items
    Local override; error
    @(142.3013 mm, 96.8104 mm): Pad 1 [Net-(J1-RF_AGC_OUT)] of TP9 on B.Cu
    @(147.4500 mm, 95.4031 mm): Pad 9 [Net-(J1-RF_AGC_OUT)] of J1 on F.Cu
[unconnected_items]: Missing connection between items
    Local override; error
    @(142.2989 mm, 99.4143 mm): Pad 1 [/REC_RF] of TP10 on B.Cu
    @(147.4500 mm, 95.9031 mm): Pad 10 [/REC_RF] of J1 on F.Cu
[unconnected_items]: Missing connection between items
    Local override; error
    @(142.3948 mm, 101.9951 mm): Pad 1 [/RF_SWP] of TP11 on B.Cu
    @(147.4500 mm, 96.4031 mm): Pad 11 [/RF_SWP] of J1 on F.Cu
[unconnected_items]: Missing connection between items
    Local override; error
    @(142.3338 mm, 104.5772 mm): Pad 1 [Net-(J1-CAP_FG)] of TP12 on B.Cu
    @(147.4500 mm, 96.9031 mm): Pad 12 [Net-(J1-CAP_FG)] of J1 on F.Cu
[unconnected_items]: Missing connection between items
    Local override; error
    @(147.4500 mm, 97.4031 mm): Pad 13 [Net-(J1-EVF_BL)] of J1 on F.Cu
    @(150.5251 mm, 105.8156 mm): Pad 1 [Net-(J1-EVF_BL)] of TP13 on B.Cu
[unconnected_items]: Missing connection between items
    Local override; error
    @(146.4397 mm, 108.0654 mm): Pad 1 [Net-(J1-EVF_BL_4.75V)] of TP14 on B.Cu
    @(147.4500 mm, 97.9031 mm): Pad 14 [Net-(J1-EVF_BL_4.75V)] of J1 on F.Cu
[unconnected_items]: Missing connection between items
    Local override; error
    @(147.4500 mm, 98.4031 mm): Pad 15 [Net-(J1-VCO)] of J1 on F.Cu
    @(158.2621 mm, 107.0843 mm): Pad 1 [Net-(J1-VCO)] of TP15 on B.Cu
[unconnected_items]: Missing connection between items
    Local override; error
    @(147.4500 mm, 98.9031 mm): Pad 16 [Net-(J1-EVF_VG)] of J1 on F.Cu
    @(161.7144 mm, 110.8741 mm): Pad 1 [Net-(J1-EVF_VG)] of TP16 on B.Cu

** Found 0 Footprint errors **

** Ignored checks **
    - Footprint has no courtyard defined
    - Track endpoint not centered on via
    - Tuning profile track geometries
    - Footprint doesn't match symbol's footprint filters
    - Footprint component type doesn't match footprint pads

** End of Report **
