ERC report (2026-06-05T21:32:16, Encoding UTF8)
Report includes: Errors, Warnings, Exclusions

***** Sheet /
[power_pin_not_driven]: Input Power pin not driven by any Output Power pins
    ; error
    @(153.67 mm, 76.20 mm): Symbol J2 Pin G1 [Power input, Line]
[lib_symbol_mismatch]: Symbol 'CN910_FPC_CON' doesn't match copy in library 'GDH Connectors'
    ; warning
    @(86.36 mm, 58.42 mm): Symbol J1 [CN910_FPC_CON]
[pin_to_pin]: Pins of type Unspecified and Passive are connected
    ; warning
    @(88.90 mm, 58.42 mm): Symbol J1 Pin 1 [LANC_SIG, Unspecified, Line]
    @(105.41 mm, 57.15 mm): Symbol TP4 Pin 1 [1, Passive, Line]
[pin_to_pin]: Pins of type Unspecified and Passive are connected
    ; warning
    @(88.90 mm, 60.96 mm): Symbol J1 Pin 2 [XCPC_IN, Unspecified, Line]
    @(113.03 mm, 63.50 mm): Symbol TP5 Pin 1 [1, Passive, Line]
[multiple_net_names]: Both GND and REG_GND are attached to the same items; GND will be used in the netlist
    ; warning
    @(146.05 mm, 110.49 mm): Symbol #PWR02 Pin 1 [Power input, Line]
    @(113.03 mm, 76.20 mm): Label 'REG_GND'
[lib_symbol_mismatch]: Symbol 'RFPC-SMA28-F' doesn't match copy in library 'GDH Connectors'
    ; warning
    @(153.67 mm, 101.60 mm): Symbol J3 [RFPC-SMA28-F]
[lib_symbol_mismatch]: Symbol 'RFPC-SMA28-F' doesn't match copy in library 'GDH Connectors'
    ; warning
    @(156.21 mm, 71.12 mm): Symbol J2 [RFPC-SMA28-F]

 ** ERC messages: 7  Errors 1  Warnings 6

 ** Ignored checks:
    - Global label only appears once in the schematic
    - Four connection points are joined together
    - SPICE model issue
    - Assigned footprint doesn't match footprint filters
